DEBUG main org.springframework.test.context.junit4.SpringJUnit4ClassRunner - SpringJUnit4ClassRunner constructor called with [class com.blog.BlogApplicationTests]
DEBUG main org.springframework.test.context.BootstrapUtils - Instantiating CacheAwareContextLoaderDelegate from class [org.springframework.test.context.cache.DefaultCacheAwareContextLoaderDelegate]
DEBUG main org.springframework.test.context.BootstrapUtils - Instantiating BootstrapContext using constructor [public org.springframework.test.context.support.DefaultBootstrapContext(java.lang.Class,org.springframework.test.context.CacheAwareContextLoaderDelegate)]
DEBUG main org.springframework.test.context.BootstrapUtils - Instantiating TestContextBootstrapper for test class [com.blog.BlogApplicationTests] from class [org.springframework.test.context.web.WebTestContextBootstrapper]
DEBUG main org.springframework.test.context.web.WebTestContextBootstrapper - Found explicit ContextLoader class [org.springframework.boot.test.SpringApplicationContextLoader] for context configuration attributes [ContextConfigurationAttributes@475530b9 declaringClass = 'com.blog.BlogApplicationTests', classes = '{class com.blog.BlogApplication}', locations = '{}', inheritLocations = true, initializers = '{}', inheritInitializers = true, name = [null], contextLoaderClass = 'org.springframework.boot.test.SpringApplicationContextLoader']
DEBUG main org.springframework.test.context.support.AbstractContextLoader - Did not detect default resource location for test class [com.blog.BlogApplicationTests]: class path resource [com/blog/BlogApplicationTests-context.xml] does not exist
DEBUG main org.springframework.test.context.support.AbstractContextLoader - Did not detect default resource location for test class [com.blog.BlogApplicationTests]: class path resource [com/blog/BlogApplicationTestsContext.groovy] does not exist
INFO main org.springframework.test.context.support.AbstractContextLoader - Could not detect default resource locations for test class [com.blog.BlogApplicationTests]: no resource found for suffixes {-context.xml, Context.groovy}.
DEBUG main org.springframework.test.context.support.ActiveProfilesUtils - Could not find an 'annotation declaring class' for annotation type [org.springframework.test.context.ActiveProfiles] and class [com.blog.BlogApplicationTests]
DEBUG main org.springframework.test.context.web.WebTestContextBootstrapper - @TestExecutionListeners is not present for class [com.blog.BlogApplicationTests]: using defaults.
INFO main org.springframework.test.context.web.WebTestContextBootstrapper - Loaded default TestExecutionListener class names from location [META-INF/spring.factories]: [org.springframework.test.context.web.ServletTestExecutionListener, org.springframework.test.context.support.DirtiesContextBeforeModesTestExecutionListener, org.springframework.test.context.support.DependencyInjectionTestExecutionListener, org.springframework.test.context.support.DirtiesContextTestExecutionListener, org.springframework.test.context.transaction.TransactionalTestExecutionListener, org.springframework.test.context.jdbc.SqlScriptsTestExecutionListener]
INFO main org.springframework.test.context.web.WebTestContextBootstrapper - Using TestExecutionListeners: [org.springframework.test.context.web.ServletTestExecutionListener@4b4523f8, org.springframework.test.context.support.DirtiesContextBeforeModesTestExecutionListener@731a74c, org.springframework.test.context.support.DependencyInjectionTestExecutionListener@369f73a2, org.springframework.test.context.support.DirtiesContextTestExecutionListener@1f28c152, org.springframework.test.context.transaction.TransactionalTestExecutionListener@7d907bac, org.springframework.test.context.jdbc.SqlScriptsTestExecutionListener@7791a895]
DEBUG main org.springframework.test.annotation.ProfileValueUtils - Retrieved @ProfileValueSourceConfiguration [null] for test class [com.blog.BlogApplicationTests]
DEBUG main org.springframework.test.annotation.ProfileValueUtils - Retrieved ProfileValueSource type [class org.springframework.test.annotation.SystemProfileValueSource] for class [com.blog.BlogApplicationTests]
DEBUG main org.springframework.test.context.junit4.SpringJUnit4ClassRunner - SpringJUnit4ClassRunner constructor called with [class com.blog.BlogApplicationTests]
DEBUG main org.springframework.test.context.BootstrapUtils - Instantiating CacheAwareContextLoaderDelegate from class [org.springframework.test.context.cache.DefaultCacheAwareContextLoaderDelegate]
DEBUG main org.springframework.test.context.BootstrapUtils - Instantiating BootstrapContext using constructor [public org.springframework.test.context.support.DefaultBootstrapContext(java.lang.Class,org.springframework.test.context.CacheAwareContextLoaderDelegate)]
DEBUG main org.springframework.test.context.BootstrapUtils - Instantiating TestContextBootstrapper for test class [com.blog.BlogApplicationTests] from class [org.springframework.test.context.web.WebTestContextBootstrapper]
DEBUG main org.springframework.test.context.web.WebTestContextBootstrapper - Found explicit ContextLoader class [org.springframework.boot.test.SpringApplicationContextLoader] for context configuration attributes [ContextConfigurationAttributes@2758fe70 declaringClass = 'com.blog.BlogApplicationTests', classes = '{class com.blog.BlogApplication}', locations = '{}', inheritLocations = true, initializers = '{}', inheritInitializers = true, name = [null], contextLoaderClass = 'org.springframework.boot.test.SpringApplicationContextLoader']
DEBUG main org.springframework.test.context.support.AbstractContextLoader - Did not detect default resource location for test class [com.blog.BlogApplicationTests]: class path resource [com/blog/BlogApplicationTests-context.xml] does not exist
DEBUG main org.springframework.test.context.support.AbstractContextLoader - Did not detect default resource location for test class [com.blog.BlogApplicationTests]: class path resource [com/blog/BlogApplicationTestsContext.groovy] does not exist
INFO main org.springframework.test.context.support.AbstractContextLoader - Could not detect default resource locations for test class [com.blog.BlogApplicationTests]: no resource found for suffixes {-context.xml, Context.groovy}.
DEBUG main org.springframework.test.context.support.ActiveProfilesUtils - Could not find an 'annotation declaring class' for annotation type [org.springframework.test.context.ActiveProfiles] and class [com.blog.BlogApplicationTests]
DEBUG main org.springframework.test.context.web.WebTestContextBootstrapper - @TestExecutionListeners is not present for class [com.blog.BlogApplicationTests]: using defaults.
INFO main org.springframework.test.context.web.WebTestContextBootstrapper - Loaded default TestExecutionListener class names from location [META-INF/spring.factories]: [org.springframework.test.context.web.ServletTestExecutionListener, org.springframework.test.context.support.DirtiesContextBeforeModesTestExecutionListener, org.springframework.test.context.support.DependencyInjectionTestExecutionListener, org.springframework.test.context.support.DirtiesContextTestExecutionListener, org.springframework.test.context.transaction.TransactionalTestExecutionListener, org.springframework.test.context.jdbc.SqlScriptsTestExecutionListener]
INFO main org.springframework.test.context.web.WebTestContextBootstrapper - Using TestExecutionListeners: [org.springframework.test.context.web.ServletTestExecutionListener@cd2dae5, org.springframework.test.context.support.DirtiesContextBeforeModesTestExecutionListener@3a883ce7, org.springframework.test.context.support.DependencyInjectionTestExecutionListener@4973813a, org.springframework.test.context.support.DirtiesContextTestExecutionListener@6321e813, org.springframework.test.context.transaction.TransactionalTestExecutionListener@79be0360, org.springframework.test.context.jdbc.SqlScriptsTestExecutionListener@22a67b4]
DEBUG main org.springframework.test.annotation.ProfileValueUtils - Retrieved @ProfileValueSourceConfiguration [null] for test class [com.blog.BlogApplicationTests]
DEBUG main org.springframework.test.annotation.ProfileValueUtils - Retrieved ProfileValueSource type [class org.springframework.test.annotation.SystemProfileValueSource] for class [com.blog.BlogApplicationTests]
DEBUG main org.springframework.test.annotation.ProfileValueUtils - Retrieved @ProfileValueSourceConfiguration [null] for test class [com.blog.BlogApplicationTests]
DEBUG main org.springframework.test.annotation.ProfileValueUtils - Retrieved ProfileValueSource type [class org.springframework.test.annotation.SystemProfileValueSource] for class [com.blog.BlogApplicationTests]
DEBUG main org.springframework.test.context.support.AbstractDirtiesContextTestExecutionListener - Before test class: context [DefaultTestContext@68bbe345 testClass = BlogApplicationTests, testInstance = [null], testMethod = [null], testException = [null], mergedContextConfiguration = [WebMergedContextConfiguration@30b8a058 testClass = BlogApplicationTests, locations = '{}', classes = '{class com.blog.BlogApplication}', contextInitializerClasses = '[]', activeProfiles = '{}', propertySourceLocations = '{}', propertySourceProperties = '{}', resourceBasePath = 'src/main/webapp', contextLoader = 'org.springframework.boot.test.SpringApplicationContextLoader', parent = [null]]], class annotated with @DirtiesContext [false] with mode [null].
DEBUG main org.springframework.test.annotation.ProfileValueUtils - Retrieved @ProfileValueSourceConfiguration [null] for test class [com.blog.BlogApplicationTests]
DEBUG main org.springframework.test.annotation.ProfileValueUtils - Retrieved ProfileValueSource type [class org.springframework.test.annotation.SystemProfileValueSource] for class [com.blog.BlogApplicationTests]
DEBUG main org.springframework.core.env.StandardEnvironment - Adding [systemProperties] PropertySource with lowest search precedence
DEBUG main org.springframework.core.env.StandardEnvironment - Adding [systemEnvironment] PropertySource with lowest search precedence
DEBUG main org.springframework.core.env.StandardEnvironment - Initialized StandardEnvironment with PropertySources [systemProperties,systemEnvironment]
DEBUG main org.springframework.core.env.StandardEnvironment - Adding [integrationTest] PropertySource with search precedence immediately lower than [systemEnvironment]
