2016-06-20 21:15:00.424 [main] INFO  com.blog.BlogApplication - Starting BlogApplication on Chriss-MacBook-Pro.local with PID 9208 (/Users/Chris/Documents/workspace-sts-3.7.2.RELEASE/Mongodb-SpringBoot-Blog/target/classes started by Chris in /Users/Chris/Documents/workspace-sts-3.7.2.RELEASE/Mongodb-SpringBoot-Blog)
2016-06-20 21:15:00.427 [main] DEBUG com.blog.BlogApplication - Running with Spring Boot v1.3.3.RELEASE, Spring v4.2.5.RELEASE
2016-06-20 21:15:00.428 [main] INFO  com.blog.BlogApplication - No active profile set, falling back to default profiles: default
2016-06-20 21:15:06.084 [main] INFO  com.blog.BlogApplication - Started BlogApplication in 6.01 seconds (JVM running for 6.928)
2016-06-20 21:17:08.199 [http-nio-8080-exec-1] INFO  com.blog - HELLO WORD
2016-06-20 21:19:25.289 [main] INFO  com.blog.BlogApplication - Starting BlogApplication on Chriss-MacBook-Pro.local with PID 9236 (/Users/Chris/Documents/workspace-sts-3.7.2.RELEASE/Mongodb-SpringBoot-Blog/target/classes started by Chris in /Users/Chris/Documents/workspace-sts-3.7.2.RELEASE/Mongodb-SpringBoot-Blog)
2016-06-20 21:19:25.290 [main] DEBUG com.blog.BlogApplication - Running with Spring Boot v1.3.3.RELEASE, Spring v4.2.5.RELEASE
2016-06-20 21:19:25.290 [main] INFO  com.blog.BlogApplication - No active profile set, falling back to default profiles: default
2016-06-20 21:19:29.689 [main] INFO  com.blog.BlogApplication - Started BlogApplication in 4.732 seconds (JVM running for 5.544)
2016-06-20 21:19:38.765 [http-nio-8080-exec-5] TRACE com.blog - 0:0:0:0:0:0:0:1: resume
2016-06-20 21:24:29.928 [main] INFO  com.blog.BlogApplication - Starting BlogApplication on Chriss-MacBook-Pro.local with PID 9256 (/Users/Chris/Documents/workspace-sts-3.7.2.RELEASE/Mongodb-SpringBoot-Blog/target/classes started by Chris in /Users/Chris/Documents/workspace-sts-3.7.2.RELEASE/Mongodb-SpringBoot-Blog)
2016-06-20 21:24:29.929 [main] DEBUG com.blog.BlogApplication - Running with Spring Boot v1.3.3.RELEASE, Spring v4.2.5.RELEASE
2016-06-20 21:24:29.930 [main] INFO  com.blog.BlogApplication - No active profile set, falling back to default profiles: default
2016-06-20 21:24:33.888 [main] INFO  com.blog.BlogApplication - Started BlogApplication in 4.324 seconds (JVM running for 5.258)
2016-06-20 21:24:48.371 [http-nio-8080-exec-7] TRACE com.blog - 0:0:0:0:0:0:0:1 tried to access /login
2016-06-20 21:26:06,668 : Starting BlogApplication on Chriss-MacBook-Pro.local with PID 9264 (/Users/Chris/Documents/workspace-sts-3.7.2.RELEASE/Mongodb-SpringBoot-Blog/target/classes started by Chris in /Users/Chris/Documents/workspace-sts-3.7.2.RELEASE/Mongodb-SpringBoot-Blog) [main]2016-06-20 21:26:06,673 : Running with Spring Boot v1.3.3.RELEASE, Spring v4.2.5.RELEASE [main]2016-06-20 21:26:06,675 : No active profile set, falling back to default profiles: default [main]2016-06-20 21:26:11,668 : Started BlogApplication in 5.42 seconds (JVM running for 6.012) [main]2016-06-20 21:26:11,873 : 0:0:0:0:0:0:0:1 tried to access /login [http-nio-8080-exec-1]2016-06-20 21:26:12,021 : 0:0:0:0:0:0:0:1 tried to access /login [http-nio-8080-exec-2]2016-06-20 21:27:29,372 : 0:0:0:0:0:0:0:1: resume [http-nio-8080-exec-5]2016-06-20 21:28:16,602 : Starting BlogApplication on Chriss-MacBook-Pro.local with PID 9268 (/Users/Chris/Documents/workspace-sts-3.7.2.RELEASE/Mongodb-SpringBoot-Blog/target/classes started by Chris in /Users/Chris/Documents/workspace-sts-3.7.2.RELEASE/Mongodb-SpringBoot-Blog) [main]
2016-06-20 21:28:16,605 : Running with Spring Boot v1.3.3.RELEASE, Spring v4.2.5.RELEASE [main]
2016-06-20 21:28:16,605 : No active profile set, falling back to default profiles: default [main]
2016-06-20 21:28:21,557 : Started BlogApplication in 5.416 seconds (JVM running for 6.316) [main]
2016-06-20 21:28:33,493 : 0:0:0:0:0:0:0:1: resume [http-nio-8080-exec-1]
2016-06-20 21:30:17,538 : Starting BlogApplication on Chriss-MacBook-Pro.local with PID 9274 (/Users/Chris/Documents/workspace-sts-3.7.2.RELEASE/Mongodb-SpringBoot-Blog/target/classes started by Chris in /Users/Chris/Documents/workspace-sts-3.7.2.RELEASE/Mongodb-SpringBoot-Blog) [main]
2016-06-20 21:30:17,543 : Running with Spring Boot v1.3.3.RELEASE, Spring v4.2.5.RELEASE [main]
2016-06-20 21:30:17,544 : No active profile set, falling back to default profiles: default [main]
2016-06-20 21:30:21,909 : Started BlogApplication in 4.726 seconds (JVM running for 5.649) [main]
2016-06-20 21:33:42,390 : Starting BlogApplication on Chriss-MacBook-Pro.local with PID 9284 (/Users/Chris/Documents/workspace-sts-3.7.2.RELEASE/Mongodb-SpringBoot-Blog/target/classes started by Chris in /Users/Chris/Documents/workspace-sts-3.7.2.RELEASE/Mongodb-SpringBoot-Blog) [main]
2016-06-20 21:33:42,392 : Running with Spring Boot v1.3.3.RELEASE, Spring v4.2.5.RELEASE [main]
2016-06-20 21:33:42,392 : No active profile set, falling back to default profiles: default [main]
2016-06-20 21:33:46,366 : Started BlogApplication in 4.377 seconds (JVM running for 5.287) [main]
2016-06-20 21:34:55,035 : Starting BlogApplication on Chriss-MacBook-Pro.local with PID 9286 (/Users/Chris/Documents/workspace-sts-3.7.2.RELEASE/Mongodb-SpringBoot-Blog/target/classes started by Chris in /Users/Chris/Documents/workspace-sts-3.7.2.RELEASE/Mongodb-SpringBoot-Blog) [main]
2016-06-20 21:34:55,037 : Running with Spring Boot v1.3.3.RELEASE, Spring v4.2.5.RELEASE [main]
2016-06-20 21:34:55,037 : No active profile set, falling back to default profiles: default [main]
2016-06-20 21:35:00,428 : Started BlogApplication in 5.768 seconds (JVM running for 6.383) [main]
2016-06-20 21:35:52,690 : Starting BlogApplication on Chriss-MacBook-Pro.local with PID 9291 (/Users/Chris/Documents/workspace-sts-3.7.2.RELEASE/Mongodb-SpringBoot-Blog/target/classes started by Chris in /Users/Chris/Documents/workspace-sts-3.7.2.RELEASE/Mongodb-SpringBoot-Blog) [main]
2016-06-20 21:35:52,692 : Running with Spring Boot v1.3.3.RELEASE, Spring v4.2.5.RELEASE [main]
2016-06-20 21:35:52,696 : No active profile set, falling back to default profiles: default [main]
2016-06-20 21:35:56,738 : Started BlogApplication in 4.398 seconds (JVM running for 5.283) [main]
2016-06-20 21:37:18,382 : Starting BlogApplication on Chriss-MacBook-Pro.local with PID 9297 (/Users/Chris/Documents/workspace-sts-3.7.2.RELEASE/Mongodb-SpringBoot-Blog/target/classes started by Chris in /Users/Chris/Documents/workspace-sts-3.7.2.RELEASE/Mongodb-SpringBoot-Blog) [main]
2016-06-20 21:37:18,382 : Running with Spring Boot v1.3.3.RELEASE, Spring v4.2.5.RELEASE [main]
2016-06-20 21:37:18,383 : No active profile set, falling back to default profiles: default [main]
2016-06-20 21:37:24,194 : Started BlogApplication in 6.178 seconds (JVM running for 6.769) [main]
2016-06-20 21:50:19,230 : Starting BlogApplication on Chriss-MacBook-Pro.local with PID 9323 (/Users/Chris/Documents/workspace-sts-3.7.2.RELEASE/Mongodb-SpringBoot-Blog/target/classes started by Chris in /Users/Chris/Documents/workspace-sts-3.7.2.RELEASE/Mongodb-SpringBoot-Blog) [main]
2016-06-20 21:50:19,231 : Running with Spring Boot v1.3.3.RELEASE, Spring v4.2.5.RELEASE [main]
2016-06-20 21:50:19,231 : No active profile set, falling back to default profiles: default [main]
2016-06-20 21:50:24,253 : Started BlogApplication in 5.666 seconds (JVM running for 6.622) [main]
2016-06-20 21:52:57,938 : Starting BlogApplication on Chriss-MacBook-Pro.local with PID 9328 (/Users/Chris/Documents/workspace-sts-3.7.2.RELEASE/Mongodb-SpringBoot-Blog/target/classes started by Chris in /Users/Chris/Documents/workspace-sts-3.7.2.RELEASE/Mongodb-SpringBoot-Blog) [main]
2016-06-20 21:52:57,938 : Running with Spring Boot v1.3.3.RELEASE, Spring v4.2.5.RELEASE [main]
2016-06-20 21:52:57,938 : No active profile set, falling back to default profiles: default [main]
2016-06-20 21:53:02,701 : Started BlogApplication in 5.291 seconds (JVM running for 6.508) [main]
2016-06-20 21:53:21,256 : Starting BlogApplication on Chriss-MacBook-Pro.local with PID 9331 (/Users/Chris/Documents/workspace-sts-3.7.2.RELEASE/Mongodb-SpringBoot-Blog/target/classes started by Chris in /Users/Chris/Documents/workspace-sts-3.7.2.RELEASE/Mongodb-SpringBoot-Blog) [main]
2016-06-20 21:53:21,257 : Running with Spring Boot v1.3.3.RELEASE, Spring v4.2.5.RELEASE [main]
2016-06-20 21:53:21,257 : No active profile set, falling back to default profiles: default [main]
2016-06-20 21:53:25,604 : Started BlogApplication in 4.666 seconds (JVM running for 5.283) [main]
2016-06-20 21:54:41,421 : Starting BlogApplication on Chriss-MacBook-Pro.local with PID 9337 (/Users/Chris/Documents/workspace-sts-3.7.2.RELEASE/Mongodb-SpringBoot-Blog/target/classes started by Chris in /Users/Chris/Documents/workspace-sts-3.7.2.RELEASE/Mongodb-SpringBoot-Blog) [main]
2016-06-20 21:54:41,422 : Running with Spring Boot v1.3.3.RELEASE, Spring v4.2.5.RELEASE [main]
2016-06-20 21:54:41,423 : No active profile set, falling back to default profiles: default [main]
2016-06-20 21:54:46,859 : Started BlogApplication in 6.189 seconds (JVM running for 6.803) [main]
2016-06-20 21:56:34,444 : Starting BlogApplication on Chriss-MacBook-Pro.local with PID 9342 (/Users/Chris/Documents/workspace-sts-3.7.2.RELEASE/Mongodb-SpringBoot-Blog/target/classes started by Chris in /Users/Chris/Documents/workspace-sts-3.7.2.RELEASE/Mongodb-SpringBoot-Blog) [main]
2016-06-20 21:56:34,445 : Running with Spring Boot v1.3.3.RELEASE, Spring v4.2.5.RELEASE [main]
2016-06-20 21:56:34,445 : No active profile set, falling back to default profiles: default [main]
2016-06-20 21:56:38,392 : Started BlogApplication in 4.366 seconds (JVM running for 5.002) [main]
2016-06-20 21:58:48,219 : Starting BlogApplication on Chriss-MacBook-Pro.local with PID 9355 (/Users/Chris/Documents/workspace-sts-3.7.2.RELEASE/Mongodb-SpringBoot-Blog/target/classes started by Chris in /Users/Chris/Documents/workspace-sts-3.7.2.RELEASE/Mongodb-SpringBoot-Blog) [main]
2016-06-20 21:58:48,220 : Running with Spring Boot v1.3.3.RELEASE, Spring v4.2.5.RELEASE [main]
2016-06-20 21:58:48,221 : No active profile set, falling back to default profiles: default [main]
2016-06-20 21:58:53,857 : Started BlogApplication in 6.037 seconds (JVM running for 6.927) [main]
2016-06-20 22:01:03,963 : Starting BlogApplication on Chriss-MacBook-Pro.local with PID 9362 (/Users/Chris/Documents/workspace-sts-3.7.2.RELEASE/Mongodb-SpringBoot-Blog/target/classes started by Chris in /Users/Chris/Documents/workspace-sts-3.7.2.RELEASE/Mongodb-SpringBoot-Blog) [main]
2016-06-20 22:01:03,964 : Running with Spring Boot v1.3.3.RELEASE, Spring v4.2.5.RELEASE [main]
2016-06-20 22:01:03,964 : No active profile set, falling back to default profiles: default [main]
2016-06-20 22:01:08,518 : Started BlogApplication in 4.913 seconds (JVM running for 5.848) [main]
2016-06-20 22:02:23,366 : Starting BlogApplication on Chriss-MacBook-Pro.local with PID 9366 (/Users/Chris/Documents/workspace-sts-3.7.2.RELEASE/Mongodb-SpringBoot-Blog/target/classes started by Chris in /Users/Chris/Documents/workspace-sts-3.7.2.RELEASE/Mongodb-SpringBoot-Blog) [main]
2016-06-20 22:02:23,374 : Running with Spring Boot v1.3.3.RELEASE, Spring v4.2.5.RELEASE [main]
2016-06-20 22:02:23,374 : No active profile set, falling back to default profiles: default [main]
2016-06-20 22:02:28,764 : Started BlogApplication in 5.828 seconds (JVM running for 6.459) [main]
2016-06-20 22:03:38,293 : Starting BlogApplication on Chriss-MacBook-Pro.local with PID 9372 (/Users/Chris/Documents/workspace-sts-3.7.2.RELEASE/Mongodb-SpringBoot-Blog/target/classes started by Chris in /Users/Chris/Documents/workspace-sts-3.7.2.RELEASE/Mongodb-SpringBoot-Blog) [main]
2016-06-20 22:03:38,294 : Running with Spring Boot v1.3.3.RELEASE, Spring v4.2.5.RELEASE [main]
2016-06-20 22:03:38,294 : No active profile set, falling back to default profiles: default [main]
2016-06-20 22:03:42,814 : Started BlogApplication in 5.359 seconds (JVM running for 6.319) [main]
2016-06-20 22:05:48,227 : Starting BlogApplication on Chriss-MacBook-Pro.local with PID 9383 (/Users/Chris/Documents/workspace-sts-3.7.2.RELEASE/Mongodb-SpringBoot-Blog/target/classes started by Chris in /Users/Chris/Documents/workspace-sts-3.7.2.RELEASE/Mongodb-SpringBoot-Blog) [main]
2016-06-20 22:05:48,228 : Running with Spring Boot v1.3.3.RELEASE, Spring v4.2.5.RELEASE [main]
2016-06-20 22:05:48,228 : No active profile set, falling back to default profiles: default [main]
2016-06-20 22:05:54,245 : Started BlogApplication in 6.597 seconds (JVM running for 7.568) [main]
2016-06-20 22:07:56,858 : Starting BlogApplication on Chriss-MacBook-Pro.local with PID 9386 (/Users/Chris/Documents/workspace-sts-3.7.2.RELEASE/Mongodb-SpringBoot-Blog/target/classes started by Chris in /Users/Chris/Documents/workspace-sts-3.7.2.RELEASE/Mongodb-SpringBoot-Blog) [main]
2016-06-20 22:07:56,859 : Running with Spring Boot v1.3.3.RELEASE, Spring v4.2.5.RELEASE [main]
2016-06-20 22:07:56,860 : No active profile set, falling back to default profiles: default [main]
2016-06-20 22:08:02,764 : Started BlogApplication in 6.248 seconds (JVM running for 7.074) [main]
2016-06-20 22:09:40,653 : Starting BlogApplication on Chriss-MacBook-Pro.local with PID 9389 (/Users/Chris/Documents/workspace-sts-3.7.2.RELEASE/Mongodb-SpringBoot-Blog/target/classes started by Chris in /Users/Chris/Documents/workspace-sts-3.7.2.RELEASE/Mongodb-SpringBoot-Blog) [main]
2016-06-20 22:09:40,655 : Running with Spring Boot v1.3.3.RELEASE, Spring v4.2.5.RELEASE [main]
2016-06-20 22:09:40,655 : No active profile set, falling back to default profiles: default [main]
2016-06-20 22:09:45,611 : Started BlogApplication in 5.307 seconds (JVM running for 5.942) [main]
2016-06-20 22:10:13,069 : Starting BlogApplication on Chriss-MacBook-Pro.local with PID 9392 (/Users/Chris/Documents/workspace-sts-3.7.2.RELEASE/Mongodb-SpringBoot-Blog/target/classes started by Chris in /Users/Chris/Documents/workspace-sts-3.7.2.RELEASE/Mongodb-SpringBoot-Blog) [main]
2016-06-20 22:10:13,069 : Running with Spring Boot v1.3.3.RELEASE, Spring v4.2.5.RELEASE [main]
2016-06-20 22:10:13,069 : No active profile set, falling back to default profiles: default [main]
2016-06-20 22:10:18,839 : Started BlogApplication in 6.389 seconds (JVM running for 7.052) [main]
2016-06-20 22:11:41,973 : Starting BlogApplication on Chriss-MacBook-Pro.local with PID 9401 (/Users/Chris/Documents/workspace-sts-3.7.2.RELEASE/Mongodb-SpringBoot-Blog/target/classes started by Chris in /Users/Chris/Documents/workspace-sts-3.7.2.RELEASE/Mongodb-SpringBoot-Blog) [main]
2016-06-20 22:11:41,973 : Running with Spring Boot v1.3.3.RELEASE, Spring v4.2.5.RELEASE [main]
2016-06-20 22:11:41,973 : No active profile set, falling back to default profiles: default [main]
2016-06-20 22:11:48,497 : Started BlogApplication in 7.062 seconds (JVM running for 8.019) [main]
2016-06-20 22:12:33,761 : Starting BlogApplication on Chriss-MacBook-Pro.local with PID 9405 (/Users/Chris/Documents/workspace-sts-3.7.2.RELEASE/Mongodb-SpringBoot-Blog/target/classes started by Chris in /Users/Chris/Documents/workspace-sts-3.7.2.RELEASE/Mongodb-SpringBoot-Blog) [main]
2016-06-20 22:12:33,762 : Running with Spring Boot v1.3.3.RELEASE, Spring v4.2.5.RELEASE [main]
2016-06-20 22:12:33,764 : No active profile set, falling back to default profiles: default [main]
2016-06-20 22:12:39,762 : Started BlogApplication in 6.563 seconds (JVM running for 7.268) [main]
2016-06-20 22:13:01,762 : Starting BlogApplication on Chriss-MacBook-Pro.local with PID 9410 (/Users/Chris/Documents/workspace-sts-3.7.2.RELEASE/Mongodb-SpringBoot-Blog/target/classes started by Chris in /Users/Chris/Documents/workspace-sts-3.7.2.RELEASE/Mongodb-SpringBoot-Blog) [main]
2016-06-20 22:13:01,763 : Running with Spring Boot v1.3.3.RELEASE, Spring v4.2.5.RELEASE [main]
2016-06-20 22:13:01,764 : No active profile set, falling back to default profiles: default [main]
2016-06-20 22:13:07,613 : Started BlogApplication in 6.421 seconds (JVM running for 7.096) [main]
2016-06-20 22:15:18,069 : Starting BlogApplication on Chriss-MacBook-Pro.local with PID 9416 (/Users/Chris/Documents/workspace-sts-3.7.2.RELEASE/Mongodb-SpringBoot-Blog/target/classes started by Chris in /Users/Chris/Documents/workspace-sts-3.7.2.RELEASE/Mongodb-SpringBoot-Blog) [main]
2016-06-20 22:15:18,071 : Running with Spring Boot v1.3.3.RELEASE, Spring v4.2.5.RELEASE [main]
2016-06-20 22:15:18,071 : No active profile set, falling back to default profiles: default [main]
2016-06-20 22:15:23,339 : Started BlogApplication in 5.838 seconds (JVM running for 6.765) [main]
2016-06-20 22:16:48,128 : Starting BlogApplication on Chriss-MacBook-Pro.local with PID 9424 (/Users/Chris/Documents/workspace-sts-3.7.2.RELEASE/Mongodb-SpringBoot-Blog/target/classes started by Chris in /Users/Chris/Documents/workspace-sts-3.7.2.RELEASE/Mongodb-SpringBoot-Blog) [main]
2016-06-20 22:16:48,129 : Running with Spring Boot v1.3.3.RELEASE, Spring v4.2.5.RELEASE [main]
2016-06-20 22:16:48,130 : No active profile set, falling back to default profiles: default [main]
2016-06-20 22:16:52,819 : Started BlogApplication in 5.067 seconds (JVM running for 5.677) [main]
